2026-04-06 09:19:00,215 - __main__ - INFO - ============================================================
2026-04-06 09:19:00,216 - __main__ - INFO - Marketing Mix Modeling Analysis Pipeline
2026-04-06 09:19:00,216 - __main__ - INFO - ============================================================
2026-04-06 09:19:00,216 - __main__ - INFO - Data file: MMM dataset - Sheet1.csv
2026-04-06 09:19:00,216 - __main__ - INFO - Output directory: outputs
2026-04-06 09:19:00,216 - __main__ - INFO - Customer value: $100.00
2026-04-06 09:19:00,216 - __main__ - INFO - 
2026-04-06 09:19:00,216 - __main__ - INFO - Output directory: /Users/praveenkumar/Documents/moniepoint/outputs
2026-04-06 09:19:00,216 - __main__ - INFO - ============================================================
2026-04-06 09:19:00,216 - __main__ - INFO - STAGE 1: Data Loading and Validation
2026-04-06 09:19:00,216 - __main__ - INFO - ============================================================
2026-04-06 09:19:00,216 - __main__ - INFO - Loading data from: MMM dataset - Sheet1.csv
2026-04-06 09:19:00,235 - __main__ - INFO - ✓ Data loaded successfully: 101 weeks of data
2026-04-06 09:19:00,236 - __main__ - INFO -   Date range: 2023-08-07 00:00:00 to 2025-06-30 00:00:00
2026-04-06 09:19:00,236 - __main__ - INFO - 
============================================================
2026-04-06 09:19:00,236 - __main__ - INFO - STAGE 2: Exploratory Data Analysis
2026-04-06 09:19:00,236 - __main__ - INFO - ============================================================
2026-04-06 09:19:00,236 - __main__ - INFO - Performing exploratory data analysis...
2026-04-06 09:19:00,261 - __main__ - INFO - ✓ EDA completed successfully
2026-04-06 09:19:00,261 - __main__ - INFO -   Time period: 101 weeks
2026-04-06 09:19:00,261 - __main__ - INFO -   Channels analyzed: 8
2026-04-06 09:19:00,261 - __main__ - INFO -   Outliers detected: 0 data points
2026-04-06 09:19:00,262 - __main__ - INFO - 
============================================================
2026-04-06 09:19:00,262 - __main__ - INFO - STAGE 3: Statistical Modeling
2026-04-06 09:19:00,262 - __main__ - INFO - ============================================================
2026-04-06 09:19:00,262 - __main__ - INFO - Fitting statistical models with transformations...
2026-04-06 09:19:00,262 - __main__ - INFO -   - Baseline model
2026-04-06 09:19:00,262 - __main__ - INFO -   - Adstock model (carryover effects)
2026-04-06 09:19:00,262 - __main__ - INFO -   - Saturation model (diminishing returns)
2026-04-06 09:19:00,262 - __main__ - INFO -   - Full model (adstock + saturation)
2026-04-06 09:19:00,373 - __main__ - INFO - ✓ Model fitting completed: saturation model selected
2026-04-06 09:19:00,373 - __main__ - INFO -   Train R²: 0.8635
2026-04-06 09:19:00,373 - __main__ - INFO -   Test R²: 0.8750
2026-04-06 09:19:00,373 - __main__ - INFO -   Test RMSE: 1321.09 customers
2026-04-06 09:19:00,373 - __main__ - INFO -   AIC: 1445.02
2026-04-06 09:19:00,373 - __main__ - INFO - 
============================================================
2026-04-06 09:19:00,373 - __main__ - INFO - STAGE 4: Attribution Analysis and ROI Calculation
2026-04-06 09:19:00,373 - __main__ - INFO - ============================================================
2026-04-06 09:19:00,373 - __main__ - INFO - Calculating channel attribution (customer value: $100.00)...
2026-04-06 09:19:00,374 - __main__ - INFO - ✓ Attribution analysis completed
2026-04-06 09:19:00,374 - __main__ - INFO -   Top 3 channels by ROI:
2026-04-06 09:19:00,374 - __main__ - INFO -     - Google Play: 2577042.5% ROI
2026-04-06 09:19:00,374 - __main__ - INFO -     - Instagram: 1113220.2% ROI
2026-04-06 09:19:00,374 - __main__ - INFO -     - Display: 397437.6% ROI
2026-04-06 09:19:00,374 - __main__ - INFO - 
============================================================
2026-04-06 09:19:00,374 - __main__ - INFO - STAGE 5: Budget Optimization
2026-04-06 09:19:00,374 - __main__ - INFO - ============================================================
2026-04-06 09:19:00,375 - __main__ - INFO - Optimizing budget allocation (total budget: $218,190)...
2026-04-06 09:19:00,443 - __main__ - INFO - ✓ Budget optimization completed
2026-04-06 09:19:00,443 - __main__ - INFO -   Current customers: 12801427
2026-04-06 09:19:00,443 - __main__ - INFO -   Expected customers: 17856410
2026-04-06 09:19:00,443 - __main__ - INFO -   Expected lift: 39.5%
2026-04-06 09:19:00,443 - __main__ - INFO -   Convergence: Success
2026-04-06 09:19:00,443 - __main__ - INFO - 
============================================================
2026-04-06 09:19:00,443 - __main__ - INFO - STAGE 6: Visualization Generation
2026-04-06 09:19:00,443 - __main__ - INFO - ============================================================
2026-04-06 09:19:00,443 - __main__ - INFO - Generating visualizations...
2026-04-06 09:19:04,561 - __main__ - INFO - ✓ Visualizations generated: 7 charts created
2026-04-06 09:19:04,562 - __main__ - INFO -   - time_series.png
2026-04-06 09:19:04,562 - __main__ - INFO -   - correlation_heatmap.png
2026-04-06 09:19:04,562 - __main__ - INFO -   - spend_comparison.png
2026-04-06 09:19:04,562 - __main__ - INFO -   - roi_comparison.png
2026-04-06 09:19:04,562 - __main__ - INFO -   - channel_scatter_plots.png
2026-04-06 09:19:04,562 - __main__ - INFO -   - response_curves.png
2026-04-06 09:19:04,562 - __main__ - INFO -   - residual_diagnostics.png
2026-04-06 09:19:04,562 - __main__ - INFO - 
============================================================
2026-04-06 09:19:04,562 - __main__ - INFO - STAGE 7: Report Generation
2026-04-06 09:19:04,562 - __main__ - INFO - ============================================================
2026-04-06 09:19:04,562 - __main__ - INFO - Generating comprehensive analysis report...
2026-04-06 09:19:04,565 - __main__ - INFO - ✓ Report generated: outputs/mmm_analysis_report.md
2026-04-06 09:19:04,565 - __main__ - INFO - 
============================================================
2026-04-06 09:19:04,565 - __main__ - INFO - PIPELINE COMPLETED SUCCESSFULLY
2026-04-06 09:19:04,565 - __main__ - INFO - ============================================================
2026-04-06 09:19:04,565 - __main__ - INFO - 
Output Summary:
2026-04-06 09:19:04,565 - __main__ - INFO -   Report: outputs/mmm_analysis_report.md
2026-04-06 09:19:04,565 - __main__ - INFO -   Visualizations: 7 charts in outputs/visualizations
2026-04-06 09:19:04,565 - __main__ - INFO -   Log file: mmm_pipeline.log
2026-04-06 09:19:04,565 - __main__ - INFO - 
Key Findings:
2026-04-06 09:19:04,565 - __main__ - INFO -   Model: saturation (R² = 0.8750)
2026-04-06 09:19:04,565 - __main__ - INFO -   Best channel: Google_Play (2577042.5% ROI)
2026-04-06 09:19:04,565 - __main__ - INFO -   Optimization lift: 39.5%
2026-04-06 09:19:04,566 - __main__ - INFO - 
✓ Pipeline completed successfully!
2026-04-06 09:20:24,532 - __main__ - INFO - ============================================================
2026-04-06 09:20:24,533 - __main__ - INFO - Marketing Mix Modeling Analysis Pipeline
2026-04-06 09:20:24,533 - __main__ - INFO - ============================================================
2026-04-06 09:20:24,533 - __main__ - INFO - Data file: nonexistent_file.csv
2026-04-06 09:20:24,533 - __main__ - INFO - Output directory: outputs
2026-04-06 09:20:24,533 - __main__ - INFO - Customer value: $100.00
2026-04-06 09:20:24,533 - __main__ - INFO - 
2026-04-06 09:20:24,533 - __main__ - INFO - Output directory: /Users/praveenkumar/Documents/moniepoint/outputs
2026-04-06 09:20:24,533 - __main__ - INFO - ============================================================
2026-04-06 09:20:24,533 - __main__ - INFO - STAGE 1: Data Loading and Validation
2026-04-06 09:20:24,533 - __main__ - INFO - ============================================================
2026-04-06 09:20:24,533 - __main__ - INFO - Loading data from: nonexistent_file.csv
2026-04-06 09:20:24,533 - __main__ - ERROR - ✗ Data file not found: CSV file not found: nonexistent_file.csv. Please ensure the file path is correct.
2026-04-06 09:20:24,533 - __main__ - ERROR - 
✗ Pipeline failed. Check logs for details.
2026-04-06 09:22:03,334 - main - INFO - Output directory: /Users/praveenkumar/Documents/moniepoint/outputs
2026-04-06 09:22:03,334 - main - INFO - ============================================================
2026-04-06 09:22:03,334 - main - INFO - STAGE 1: Data Loading and Validation
2026-04-06 09:22:03,334 - main - INFO - ============================================================
2026-04-06 09:22:03,335 - main - INFO - Loading data from: nonexistent.csv
2026-04-06 09:22:03,335 - main - ERROR - ✗ Data file not found: CSV file not found: nonexistent.csv. Please ensure the file path is correct.
2026-04-06 09:28:36,992 - __main__ - INFO - ============================================================
2026-04-06 09:28:36,993 - __main__ - INFO - Marketing Mix Modeling Analysis Pipeline
2026-04-06 09:28:36,994 - __main__ - INFO - ============================================================
2026-04-06 09:28:36,994 - __main__ - INFO - Data file: MMM dataset - Sheet1.csv
2026-04-06 09:28:36,994 - __main__ - INFO - Output directory: outputs
2026-04-06 09:28:36,994 - __main__ - INFO - Customer value: $100.00
2026-04-06 09:28:36,994 - __main__ - INFO - 
2026-04-06 09:28:36,994 - __main__ - INFO - Output directory: /Users/praveenkumar/Documents/moniepoint/outputs
2026-04-06 09:28:36,994 - __main__ - INFO - ============================================================
2026-04-06 09:28:36,994 - __main__ - INFO - STAGE 1: Data Loading and Validation
2026-04-06 09:28:36,994 - __main__ - INFO - ============================================================
2026-04-06 09:28:36,994 - __main__ - INFO - Loading data from: MMM dataset - Sheet1.csv
2026-04-06 09:28:37,012 - __main__ - INFO - ✓ Data loaded successfully: 101 weeks of data
2026-04-06 09:28:37,014 - __main__ - INFO -   Date range: 2023-08-07 00:00:00 to 2025-06-30 00:00:00
2026-04-06 09:28:37,014 - __main__ - INFO - 
============================================================
2026-04-06 09:28:37,014 - __main__ - INFO - STAGE 2: Exploratory Data Analysis
2026-04-06 09:28:37,014 - __main__ - INFO - ============================================================
2026-04-06 09:28:37,014 - __main__ - INFO - Performing exploratory data analysis...
2026-04-06 09:28:37,038 - __main__ - INFO - ✓ EDA completed successfully
2026-04-06 09:28:37,038 - __main__ - INFO -   Time period: 101 weeks
2026-04-06 09:28:37,038 - __main__ - INFO -   Channels analyzed: 8
2026-04-06 09:28:37,038 - __main__ - INFO -   Outliers detected: 0 data points
2026-04-06 09:28:37,038 - __main__ - INFO - 
============================================================
2026-04-06 09:28:37,038 - __main__ - INFO - STAGE 3: Statistical Modeling
2026-04-06 09:28:37,038 - __main__ - INFO - ============================================================
2026-04-06 09:28:37,038 - __main__ - INFO - Fitting statistical models with transformations...
2026-04-06 09:28:37,038 - __main__ - INFO -   - Baseline model
2026-04-06 09:28:37,039 - __main__ - INFO -   - Adstock model (carryover effects)
2026-04-06 09:28:37,039 - __main__ - INFO -   - Saturation model (diminishing returns)
2026-04-06 09:28:37,039 - __main__ - INFO -   - Full model (adstock + saturation)
2026-04-06 09:28:37,157 - __main__ - INFO - ✓ Model fitting completed: saturation model selected
2026-04-06 09:28:37,157 - __main__ - INFO -   Train R²: 0.8635
2026-04-06 09:28:37,157 - __main__ - INFO -   Test R²: 0.8750
2026-04-06 09:28:37,157 - __main__ - INFO -   Test RMSE: 1321.09 customers
2026-04-06 09:28:37,157 - __main__ - INFO -   AIC: 1445.02
2026-04-06 09:28:37,157 - __main__ - INFO - 
============================================================
2026-04-06 09:28:37,157 - __main__ - INFO - STAGE 4: Attribution Analysis and ROI Calculation
2026-04-06 09:28:37,157 - __main__ - INFO - ============================================================
2026-04-06 09:28:37,157 - __main__ - INFO - Calculating channel attribution (customer value: $100.00)...
2026-04-06 09:28:37,158 - __main__ - INFO - ✓ Attribution analysis completed
2026-04-06 09:28:37,158 - __main__ - INFO -   Top 3 channels by ROI:
2026-04-06 09:28:37,158 - __main__ - INFO -     - Google Play: 2577042.5% ROI
2026-04-06 09:28:37,158 - __main__ - INFO -     - Instagram: 1113220.2% ROI
2026-04-06 09:28:37,158 - __main__ - INFO -     - Display: 397437.6% ROI
2026-04-06 09:28:37,158 - __main__ - INFO - 
============================================================
2026-04-06 09:28:37,158 - __main__ - INFO - STAGE 5: Budget Optimization
2026-04-06 09:28:37,158 - __main__ - INFO - ============================================================
2026-04-06 09:28:37,159 - __main__ - INFO - Optimizing budget allocation (total budget: $218,190)...
2026-04-06 09:28:37,228 - __main__ - INFO - ✓ Budget optimization completed
2026-04-06 09:28:37,228 - __main__ - INFO -   Current customers: 12801427
2026-04-06 09:28:37,228 - __main__ - INFO -   Expected customers: 17856410
2026-04-06 09:28:37,228 - __main__ - INFO -   Expected lift: 39.5%
2026-04-06 09:28:37,228 - __main__ - INFO -   Convergence: Success
2026-04-06 09:28:37,228 - __main__ - INFO - 
============================================================
2026-04-06 09:28:37,229 - __main__ - INFO - STAGE 6: Visualization Generation
2026-04-06 09:28:37,229 - __main__ - INFO - ============================================================
2026-04-06 09:28:37,229 - __main__ - INFO - Generating visualizations...
2026-04-06 09:28:42,331 - __main__ - INFO - ✓ Visualizations generated: 7 charts created
2026-04-06 09:28:42,333 - __main__ - INFO -   - time_series.png
2026-04-06 09:28:42,333 - __main__ - INFO -   - correlation_heatmap.png
2026-04-06 09:28:42,333 - __main__ - INFO -   - spend_comparison.png
2026-04-06 09:28:42,333 - __main__ - INFO -   - roi_comparison.png
2026-04-06 09:28:42,333 - __main__ - INFO -   - channel_scatter_plots.png
2026-04-06 09:28:42,333 - __main__ - INFO -   - response_curves.png
2026-04-06 09:28:42,333 - __main__ - INFO -   - residual_diagnostics.png
2026-04-06 09:28:42,333 - __main__ - INFO - 
============================================================
2026-04-06 09:28:42,333 - __main__ - INFO - STAGE 7: Report Generation
2026-04-06 09:28:42,333 - __main__ - INFO - ============================================================
2026-04-06 09:28:42,333 - __main__ - INFO - Generating comprehensive analysis report...
2026-04-06 09:28:42,337 - __main__ - INFO - ✓ Report generated: outputs/mmm_analysis_report.md
2026-04-06 09:28:42,337 - __main__ - INFO - 
============================================================
2026-04-06 09:28:42,337 - __main__ - INFO - PIPELINE COMPLETED SUCCESSFULLY
2026-04-06 09:28:42,337 - __main__ - INFO - ============================================================
2026-04-06 09:28:42,337 - __main__ - INFO - 
Output Summary:
2026-04-06 09:28:42,337 - __main__ - INFO -   Report: outputs/mmm_analysis_report.md
2026-04-06 09:28:42,337 - __main__ - INFO -   Visualizations: 7 charts in outputs/visualizations
2026-04-06 09:28:42,337 - __main__ - INFO -   Log file: mmm_pipeline.log
2026-04-06 09:28:42,337 - __main__ - INFO - 
Key Findings:
2026-04-06 09:28:42,337 - __main__ - INFO -   Model: saturation (R² = 0.8750)
2026-04-06 09:28:42,337 - __main__ - INFO -   Best channel: Google_Play (2577042.5% ROI)
2026-04-06 09:28:42,337 - __main__ - INFO -   Optimization lift: 39.5%
2026-04-06 09:28:42,338 - __main__ - INFO - 
✓ Pipeline completed successfully!
2026-04-06 09:35:21,649 - __main__ - INFO - ============================================================
2026-04-06 09:35:21,651 - __main__ - INFO - Marketing Mix Modeling Analysis Pipeline
2026-04-06 09:35:21,651 - __main__ - INFO - ============================================================
2026-04-06 09:35:21,651 - __main__ - INFO - Data file: MMM dataset - Sheet1.csv
2026-04-06 09:35:21,651 - __main__ - INFO - Output directory: outputs
2026-04-06 09:35:21,651 - __main__ - INFO - Customer value: $100.00
2026-04-06 09:35:21,651 - __main__ - INFO - 
2026-04-06 09:35:21,651 - __main__ - INFO - Output directory: /Users/praveenkumar/Documents/moniepoint/outputs
2026-04-06 09:35:21,651 - __main__ - INFO - ============================================================
2026-04-06 09:35:21,651 - __main__ - INFO - STAGE 1: Data Loading and Validation
2026-04-06 09:35:21,651 - __main__ - INFO - ============================================================
2026-04-06 09:35:21,651 - __main__ - INFO - Loading data from: MMM dataset - Sheet1.csv
2026-04-06 09:35:21,668 - __main__ - INFO - ✓ Data loaded successfully: 101 weeks of data
2026-04-06 09:35:21,669 - __main__ - INFO -   Date range: 2023-08-07 00:00:00 to 2025-06-30 00:00:00
2026-04-06 09:35:21,669 - __main__ - INFO - 
============================================================
2026-04-06 09:35:21,669 - __main__ - INFO - STAGE 2: Exploratory Data Analysis
2026-04-06 09:35:21,669 - __main__ - INFO - ============================================================
2026-04-06 09:35:21,670 - __main__ - INFO - Performing exploratory data analysis...
2026-04-06 09:35:21,699 - __main__ - INFO - ✓ EDA completed successfully
2026-04-06 09:35:21,699 - __main__ - INFO -   Time period: 101 weeks
2026-04-06 09:35:21,699 - __main__ - INFO -   Channels analyzed: 8
2026-04-06 09:35:21,699 - __main__ - INFO -   Outliers detected: 0 data points
2026-04-06 09:35:21,699 - __main__ - INFO - 
============================================================
2026-04-06 09:35:21,699 - __main__ - INFO - STAGE 3: Statistical Modeling
2026-04-06 09:35:21,699 - __main__ - INFO - ============================================================
2026-04-06 09:35:21,699 - __main__ - INFO - Fitting statistical models with transformations...
2026-04-06 09:35:21,699 - __main__ - INFO -   - Baseline model
2026-04-06 09:35:21,699 - __main__ - INFO -   - Adstock model (carryover effects)
2026-04-06 09:35:21,699 - __main__ - INFO -   - Saturation model (diminishing returns)
2026-04-06 09:35:21,699 - __main__ - INFO -   - Full model (adstock + saturation)
2026-04-06 09:35:21,814 - __main__ - INFO - ✓ Model fitting completed: saturation model selected
2026-04-06 09:35:21,815 - __main__ - INFO -   Train R²: 0.8635
2026-04-06 09:35:21,815 - __main__ - INFO -   Test R²: 0.8750
2026-04-06 09:35:21,815 - __main__ - INFO -   Test RMSE: 1321.09 customers
2026-04-06 09:35:21,815 - __main__ - INFO -   AIC: 1445.02
2026-04-06 09:35:21,815 - __main__ - INFO - 
============================================================
2026-04-06 09:35:21,815 - __main__ - INFO - STAGE 4: Attribution Analysis and ROI Calculation
2026-04-06 09:35:21,815 - __main__ - INFO - ============================================================
2026-04-06 09:35:21,815 - __main__ - INFO - Calculating channel attribution (customer value: $100.00)...
2026-04-06 09:35:21,816 - __main__ - INFO - ✓ Attribution analysis completed
2026-04-06 09:35:21,816 - __main__ - INFO -   Top 3 channels by ROI:
2026-04-06 09:35:21,816 - __main__ - INFO -     - Google Play: 2577042.5% ROI
2026-04-06 09:35:21,816 - __main__ - INFO -     - Instagram: 1113220.2% ROI
2026-04-06 09:35:21,816 - __main__ - INFO -     - Display: 397437.6% ROI
2026-04-06 09:35:21,816 - __main__ - INFO - 
============================================================
2026-04-06 09:35:21,816 - __main__ - INFO - STAGE 5: Budget Optimization
2026-04-06 09:35:21,816 - __main__ - INFO - ============================================================
2026-04-06 09:35:21,816 - __main__ - INFO - Optimizing budget allocation (total budget: $218,190)...
2026-04-06 09:35:21,888 - __main__ - INFO - ✓ Budget optimization completed
2026-04-06 09:35:21,888 - __main__ - INFO -   Current customers: 12801427
2026-04-06 09:35:21,888 - __main__ - INFO -   Expected customers: 17856410
2026-04-06 09:35:21,888 - __main__ - INFO -   Expected lift: 39.5%
2026-04-06 09:35:21,888 - __main__ - INFO -   Convergence: Success
2026-04-06 09:35:21,888 - __main__ - INFO - 
============================================================
2026-04-06 09:35:21,888 - __main__ - INFO - STAGE 6: Visualization Generation
2026-04-06 09:35:21,888 - __main__ - INFO - ============================================================
2026-04-06 09:35:21,888 - __main__ - INFO - Generating visualizations...
2026-04-06 09:35:26,099 - __main__ - INFO - ✓ Visualizations generated: 7 charts created
2026-04-06 09:35:26,099 - __main__ - INFO -   - time_series.png
2026-04-06 09:35:26,099 - __main__ - INFO -   - correlation_heatmap.png
2026-04-06 09:35:26,099 - __main__ - INFO -   - spend_comparison.png
2026-04-06 09:35:26,099 - __main__ - INFO -   - roi_comparison.png
2026-04-06 09:35:26,099 - __main__ - INFO -   - channel_scatter_plots.png
2026-04-06 09:35:26,099 - __main__ - INFO -   - response_curves.png
2026-04-06 09:35:26,099 - __main__ - INFO -   - residual_diagnostics.png
2026-04-06 09:35:26,099 - __main__ - INFO - 
============================================================
2026-04-06 09:35:26,099 - __main__ - INFO - STAGE 7: Report Generation
2026-04-06 09:35:26,099 - __main__ - INFO - ============================================================
2026-04-06 09:35:26,100 - __main__ - INFO - Generating comprehensive analysis report...
2026-04-06 09:35:26,102 - __main__ - INFO - ✓ Report generated: outputs/mmm_analysis_report.md
2026-04-06 09:35:26,102 - __main__ - INFO - 
============================================================
2026-04-06 09:35:26,103 - __main__ - INFO - PIPELINE COMPLETED SUCCESSFULLY
2026-04-06 09:35:26,103 - __main__ - INFO - ============================================================
2026-04-06 09:35:26,103 - __main__ - INFO - 
Output Summary:
2026-04-06 09:35:26,103 - __main__ - INFO -   Report: outputs/mmm_analysis_report.md
2026-04-06 09:35:26,103 - __main__ - INFO -   Visualizations: 7 charts in outputs/visualizations
2026-04-06 09:35:26,103 - __main__ - INFO -   Log file: mmm_pipeline.log
2026-04-06 09:35:26,103 - __main__ - INFO - 
Key Findings:
2026-04-06 09:35:26,103 - __main__ - INFO -   Model: saturation (R² = 0.8750)
2026-04-06 09:35:26,103 - __main__ - INFO -   Best channel: Google_Play (2577042.5% ROI)
2026-04-06 09:35:26,103 - __main__ - INFO -   Optimization lift: 39.5%
2026-04-06 09:35:26,103 - __main__ - INFO - 
✓ Pipeline completed successfully!
2026-04-06 19:45:56,341 - __main__ - INFO - ============================================================
2026-04-06 19:45:56,342 - __main__ - INFO - Marketing Mix Modeling Analysis Pipeline
2026-04-06 19:45:56,342 - __main__ - INFO - ============================================================
2026-04-06 19:45:56,342 - __main__ - INFO - Data file: MMM dataset - Sheet1.csv
2026-04-06 19:45:56,342 - __main__ - INFO - Output directory: outputs
2026-04-06 19:45:56,342 - __main__ - INFO - Customer value: $100.00
2026-04-06 19:45:56,342 - __main__ - INFO - 
2026-04-06 19:45:56,342 - __main__ - INFO - Output directory: /Users/praveenkumar/Documents/moniepoint/outputs
2026-04-06 19:45:56,342 - __main__ - INFO - ============================================================
2026-04-06 19:45:56,342 - __main__ - INFO - STAGE 1: Data Loading and Validation
2026-04-06 19:45:56,342 - __main__ - INFO - ============================================================
2026-04-06 19:45:56,343 - __main__ - INFO - Loading data from: MMM dataset - Sheet1.csv
2026-04-06 19:45:56,355 - __main__ - INFO - ✓ Data loaded successfully: 101 weeks of data
2026-04-06 19:45:56,356 - __main__ - INFO -   Date range: 2023-08-07 00:00:00 to 2025-06-30 00:00:00
2026-04-06 19:45:56,356 - __main__ - INFO - 
============================================================
2026-04-06 19:45:56,356 - __main__ - INFO - STAGE 2: Exploratory Data Analysis
2026-04-06 19:45:56,356 - __main__ - INFO - ============================================================
2026-04-06 19:45:56,356 - __main__ - INFO - Performing exploratory data analysis...
2026-04-06 19:45:56,373 - __main__ - INFO - ✓ EDA completed successfully
2026-04-06 19:45:56,373 - __main__ - INFO -   Time period: 101 weeks
2026-04-06 19:45:56,373 - __main__ - INFO -   Channels analyzed: 8
2026-04-06 19:45:56,373 - __main__ - INFO -   Outliers detected: 0 data points
2026-04-06 19:45:56,374 - __main__ - INFO - 
============================================================
2026-04-06 19:45:56,374 - __main__ - INFO - STAGE 3: Statistical Modeling
2026-04-06 19:45:56,374 - __main__ - INFO - ============================================================
2026-04-06 19:45:56,374 - __main__ - INFO - Fitting statistical models with transformations...
2026-04-06 19:45:56,374 - __main__ - INFO -   - Baseline model
2026-04-06 19:45:56,374 - __main__ - INFO -   - Adstock model (carryover effects)
2026-04-06 19:45:56,374 - __main__ - INFO -   - Saturation model (diminishing returns)
2026-04-06 19:45:56,374 - __main__ - INFO -   - Full model (adstock + saturation)
2026-04-06 19:45:56,462 - __main__ - INFO - ✓ Model fitting completed: saturation model selected
2026-04-06 19:45:56,462 - __main__ - INFO -   Train R²: 0.8635
2026-04-06 19:45:56,462 - __main__ - INFO -   Test R²: 0.8750
2026-04-06 19:45:56,462 - __main__ - INFO -   Test RMSE: 1321.09 customers
2026-04-06 19:45:56,462 - __main__ - INFO -   AIC: 1445.02
2026-04-06 19:45:56,462 - __main__ - INFO - 
============================================================
2026-04-06 19:45:56,462 - __main__ - INFO - STAGE 4: Attribution Analysis and ROI Calculation
2026-04-06 19:45:56,462 - __main__ - INFO - ============================================================
2026-04-06 19:45:56,462 - __main__ - INFO - Calculating channel attribution (customer value: $100.00)...
2026-04-06 19:45:56,463 - __main__ - INFO - ✓ Attribution analysis completed
2026-04-06 19:45:56,463 - __main__ - INFO -   Top 3 channels by ROI:
2026-04-06 19:45:56,463 - __main__ - INFO -     - Google Play: 2577042.5% ROI
2026-04-06 19:45:56,463 - __main__ - INFO -     - Instagram: 1113220.2% ROI
2026-04-06 19:45:56,463 - __main__ - INFO -     - Display: 397437.6% ROI
2026-04-06 19:45:56,463 - __main__ - INFO - 
============================================================
2026-04-06 19:45:56,463 - __main__ - INFO - STAGE 5: Budget Optimization
2026-04-06 19:45:56,463 - __main__ - INFO - ============================================================
2026-04-06 19:45:56,463 - __main__ - INFO - Optimizing budget allocation (total budget: $218,190)...
2026-04-06 19:45:56,509 - __main__ - INFO - ✓ Budget optimization completed
2026-04-06 19:45:56,509 - __main__ - INFO -   Current customers: 12801427
2026-04-06 19:45:56,509 - __main__ - INFO -   Expected customers: 17856410
2026-04-06 19:45:56,510 - __main__ - INFO -   Expected lift: 39.5%
2026-04-06 19:45:56,510 - __main__ - INFO -   Convergence: Success
2026-04-06 19:45:56,510 - __main__ - INFO - 
============================================================
2026-04-06 19:45:56,510 - __main__ - INFO - STAGE 6: Visualization Generation
2026-04-06 19:45:56,510 - __main__ - INFO - ============================================================
2026-04-06 19:45:56,510 - __main__ - INFO - Generating visualizations...
2026-04-06 19:45:59,241 - __main__ - INFO - ✓ Visualizations generated: 7 charts created
2026-04-06 19:45:59,241 - __main__ - INFO -   - time_series.png
2026-04-06 19:45:59,241 - __main__ - INFO -   - correlation_heatmap.png
2026-04-06 19:45:59,241 - __main__ - INFO -   - spend_comparison.png
2026-04-06 19:45:59,241 - __main__ - INFO -   - roi_comparison.png
2026-04-06 19:45:59,241 - __main__ - INFO -   - channel_scatter_plots.png
2026-04-06 19:45:59,241 - __main__ - INFO -   - response_curves.png
2026-04-06 19:45:59,241 - __main__ - INFO -   - residual_diagnostics.png
2026-04-06 19:45:59,241 - __main__ - INFO - 
============================================================
2026-04-06 19:45:59,241 - __main__ - INFO - STAGE 7: Report Generation
2026-04-06 19:45:59,241 - __main__ - INFO - ============================================================
2026-04-06 19:45:59,241 - __main__ - INFO - Generating comprehensive analysis report...
2026-04-06 19:45:59,243 - __main__ - INFO - ✓ Report generated: outputs/mmm_analysis_report.md
2026-04-06 19:45:59,244 - __main__ - INFO - 
============================================================
2026-04-06 19:45:59,244 - __main__ - INFO - PIPELINE COMPLETED SUCCESSFULLY
2026-04-06 19:45:59,244 - __main__ - INFO - ============================================================
2026-04-06 19:45:59,244 - __main__ - INFO - 
Output Summary:
2026-04-06 19:45:59,244 - __main__ - INFO -   Report: outputs/mmm_analysis_report.md
2026-04-06 19:45:59,244 - __main__ - INFO -   Visualizations: 7 charts in outputs/visualizations
2026-04-06 19:45:59,244 - __main__ - INFO -   Log file: mmm_pipeline.log
2026-04-06 19:45:59,244 - __main__ - INFO - 
Key Findings:
2026-04-06 19:45:59,244 - __main__ - INFO -   Model: saturation (R² = 0.8750)
2026-04-06 19:45:59,244 - __main__ - INFO -   Best channel: Google_Play (2577042.5% ROI)
2026-04-06 19:45:59,244 - __main__ - INFO -   Optimization lift: 39.5%
2026-04-06 19:45:59,244 - __main__ - INFO - 
✓ Pipeline completed successfully!
